生成启动时间为 2018/4/16 20:43:14。
     1>项目“D:\Program Files (x86)\Microsoft Visual Studio 10.0\BBM2018\BBM01\BBM01\BBM01.vcxproj”在节点 2 上(build 个目标)。
     1>InitializeBuildStatus:
         正在创建“Debug\BBM01.unsuccessfulbuild”，因为已指定“AlwaysCreate”。
       ClCompile:
         D:\Program Files (x86)\Microsoft Visual Studio 10.0\VC\bin\CL.exe /c /ZI /nologo /W3 /WX- /Od /Oy- /D WIN32 /D _DEBUG /D _CONSOLE /D _UNICODE /D UNICODE /Gm /EHsc /RTC1 /MDd /GS /fp:precise /Zc:wchar_t /Zc:forScope /Fo"Debug\\" /Fd"Debug\vc100.pdb" /Gd /TP /analyze- /errorReport:prompt BBM01.cpp
         BBM01.cpp
     1>d:\opencv247\opencv\build\include\opencv2\flann\logger.h(66): warning C4996: 'fopen': This function or variable may be unsafe. Consider using fopen_s instead. To disable deprecation, use _CRT_SECURE_NO_WARNINGS. See online help for details.
                 d:\program files (x86)\microsoft visual studio 10.0\vc\include\stdio.h(234) : 参见“fopen”的声明
     1>d:\opencv247\opencv\build\include\opencv2\legacy\blobtrack.hpp(187): warning C4996: 'strcpy': This function or variable may be unsafe. Consider using strcpy_s instead. To disable deprecation, use _CRT_SECURE_NO_WARNINGS. See online help for details.
                 d:\program files (x86)\microsoft visual studio 10.0\vc\include\string.h(105) : 参见“strcpy”的声明
     1>d:\opencv247\opencv\build\include\opencv2\legacy\blobtrack.hpp(256): warning C4996: 'strcat': This function or variable may be unsafe. Consider using strcat_s instead. To disable deprecation, use _CRT_SECURE_NO_WARNINGS. See online help for details.
                 d:\program files (x86)\microsoft visual studio 10.0\vc\include\string.h(110) : 参见“strcat”的声明
       ManifestResourceCompile:
         所有输出均为最新。
       Link:
         D:\Program Files (x86)\Microsoft Visual Studio 10.0\VC\bin\link.exe /ERRORREPORT:PROMPT /OUT:"D:\Program Files (x86)\Microsoft Visual Studio 10.0\BBM2018\BBM01\Debug\BBM01.exe" /INCREMENTAL /NOLOGO opencv_calib3d247d.lib opencv_contrib247d.lib opencv_core247d.lib opencv_features2d247d.lib opencv_flann247d.lib opencv_gpu247d.lib opencv_highgui247d.lib opencv_imgproc247d.lib opencv_legacy247d.lib opencv_ml247d.lib opencv_nonfree247d.lib opencv_objdetect247d.lib opencv_ocl247d.lib opencv_photo247d.lib opencv_stitching247d.lib opencv_superres247d.lib opencv_ts247d.lib opencv_video247d.lib opencv_videostab247d.lib opencv_calib3d247.lib opencv_contrib247.lib opencv_core247.lib opencv_features2d247.lib opencv_flann247.lib opencv_gpu247.lib opencv_highgui247.lib opencv_imgproc247.lib opencv_legacy247.lib opencv_ml247.lib opencv_nonfree247.lib opencv_objdetect247.lib opencv_ocl247.lib opencv_photo247.lib opencv_stitching247.lib opencv_superres247.lib opencv_ts247.lib opencv_video247.lib opencv_videostab247.lib kernel32.lib user32.lib gdi32.lib winspool.lib comdlg32.lib advapi32.lib shell32.lib ole32.lib oleaut32.lib uuid.lib odbc32.lib odbccp32.lib /MANIFEST /ManifestFile:"Debug\BBM01.exe.intermediate.manifest" /MANIFESTUAC:"level='asInvoker' uiAccess='false'" /DEBUG /PDB:"D:\Program Files (x86)\Microsoft Visual Studio 10.0\BBM2018\BBM01\Debug\BBM01.pdb" /SUBSYSTEM:CONSOLE /TLBID:1 /DYNAMICBASE /NXCOMPAT /IMPLIB:"D:\Program Files (x86)\Microsoft Visual Studio 10.0\BBM2018\BBM01\Debug\BBM01.lib" /MACHINE:X86 Debug\BBM01.exe.embed.manifest.res
         Debug\BBM01.obj
       Manifest:
         C:\Program Files (x86)\Microsoft SDKs\Windows\v7.0A\bin\mt.exe /nologo /verbose /out:"Debug\BBM01.exe.embed.manifest" /manifest Debug\BBM01.exe.intermediate.manifest
         所有输出均为最新。
       LinkEmbedManifest:
         所有输出均为最新。
         BBM01.vcxproj -> D:\Program Files (x86)\Microsoft Visual Studio 10.0\BBM2018\BBM01\Debug\BBM01.exe
       FinalizeBuildStatus:
         正在删除文件“Debug\BBM01.unsuccessfulbuild”。
         正在对“Debug\BBM01.lastbuildstate”执行 Touch 任务。
     1>已完成生成项目“D:\Program Files (x86)\Microsoft Visual Studio 10.0\BBM2018\BBM01\BBM01\BBM01.vcxproj”(build 个目标)的操作。

生成成功。

已用时间 00:00:02.40
