生成启动时间为 2018/5/26 16:01:12。
     1>项目“D:\Program Files (x86)\Microsoft Visual Studio 10.0\BBM2018\BBM05\BBM05\BBM05.vcxproj”在节点 2 上(build 个目标)。
     1>InitializeBuildStatus:
         正在创建“Release\BBM05.unsuccessfulbuild”，因为已指定“AlwaysCreate”。
       ClCompile:
         D:\Program Files (x86)\Microsoft Visual Studio 10.0\VC\bin\CL.exe /c /Zi /nologo /W3 /WX- /O2 /Oi /Oy- /GL /D WIN32 /D NDEBUG /D _CONSOLE /D _UNICODE /D UNICODE /Gm- /EHsc /MD /GS /Gy /fp:precise /Zc:wchar_t /Zc:forScope /Fo"Release\\" /Fd"Release\vc100.pdb" /Gd /TP /analyze- /errorReport:prompt ex05.cpp
         ex05.cpp
     1>ex05.cpp(56): warning C4244: “=”: 从“int”转换到“float”，可能丢失数据
     1>ex05.cpp(57): warning C4244: “=”: 从“int”转换到“float”，可能丢失数据
       Link:
         D:\Program Files (x86)\Microsoft Visual Studio 10.0\VC\bin\link.exe /ERRORREPORT:PROMPT /OUT:"D:\Program Files (x86)\Microsoft Visual Studio 10.0\BBM2018\BBM05\Release\BBM05.exe" /INCREMENTAL:NO /NOLOGO opencv_calib3d247d.lib opencv_contrib247d.lib opencv_core247d.lib opencv_features2d247d.lib opencv_flann247d.lib opencv_gpu247d.lib opencv_highgui247d.lib opencv_imgproc247d.lib opencv_legacy247d.lib opencv_ml247d.lib opencv_nonfree247d.lib opencv_objdetect247d.lib opencv_ocl247d.lib opencv_photo247d.lib opencv_stitching247d.lib opencv_superres247d.lib opencv_ts247d.lib opencv_video247d.lib opencv_videostab247d.lib opencv_calib3d247.lib opencv_contrib247.lib opencv_core247.lib opencv_features2d247.lib opencv_flann247.lib opencv_gpu247.lib opencv_highgui247.lib opencv_imgproc247.lib opencv_legacy247.lib opencv_ml247.lib opencv_nonfree247.lib opencv_objdetect247.lib opencv_ocl247.lib opencv_photo247.lib opencv_stitching247.lib opencv_superres247.lib opencv_ts247.lib opencv_video247.lib opencv_videostab247.lib kernel32.lib user32.lib gdi32.lib winspool.lib comdlg32.lib advapi32.lib shell32.lib ole32.lib oleaut32.lib uuid.lib odbc32.lib odbccp32.lib /MANIFEST /ManifestFile:"Release\BBM05.exe.intermediate.manifest" /MANIFESTUAC:"level='asInvoker' uiAccess='false'" /DEBUG /PDB:"D:\Program Files (x86)\Microsoft Visual Studio 10.0\BBM2018\BBM05\Release\BBM05.pdb" /SUBSYSTEM:CONSOLE /OPT:REF /OPT:ICF /LTCG /TLBID:1 /DYNAMICBASE /NXCOMPAT /IMPLIB:"D:\Program Files (x86)\Microsoft Visual Studio 10.0\BBM2018\BBM05\Release\BBM05.lib" /MACHINE:X86 Release\ex05.obj
         正在生成代码
         已完成代码的生成
         BBM05.vcxproj -> D:\Program Files (x86)\Microsoft Visual Studio 10.0\BBM2018\BBM05\Release\BBM05.exe
       Manifest:
         C:\Program Files (x86)\Microsoft SDKs\Windows\v7.0A\bin\mt.exe /nologo /verbose /outputresource:"D:\Program Files (x86)\Microsoft Visual Studio 10.0\BBM2018\BBM05\Release\BBM05.exe;#1" /manifest Release\BBM05.exe.intermediate.manifest
       FinalizeBuildStatus:
         正在删除文件“Release\BBM05.unsuccessfulbuild”。
         正在对“Release\BBM05.lastbuildstate”执行 Touch 任务。
     1>已完成生成项目“D:\Program Files (x86)\Microsoft Visual Studio 10.0\BBM2018\BBM05\BBM05\BBM05.vcxproj”(build 个目标)的操作。

生成成功。

已用时间 00:00:03.35
